This is pdfTeX, Version 3.141592653-2.6-1.40.24 (MiKTeX 22.1) (preloaded format=pdflatex 2022.2.6)  12 FEB 2022 15:14
entering extended mode
 restricted \write18 enabled.
 %&-line parsing enabled.
**./All-Migration-Tables.tex
(All-Migration-Tables.tex
LaTeX2e <2021-11-15> patch level 1
L3 programming layer <2022-01-21> (C:\Users\JYOTISHKA\AppData\Local\Programs\Mi
KTeX\tex/latex/base\article.cls
Document Class: article 2021/10/04 v1.4n Standard LaTeX document class
(C:\Users\JYOTISHKA\AppData\Local\Programs\MiKTeX\tex/latex/base\size12.clo
File: size12.clo 2021/10/04 v1.4n Standard LaTeX file (size option)
)
\c@part=\count185
\c@section=\count186
\c@subsection=\count187
\c@subsubsection=\count188
\c@paragraph=\count189
\c@subparagraph=\count190
\c@figure=\count191
\c@table=\count192
\abovecaptionskip=\skip47
\belowcaptionskip=\skip48
\bibindent=\dimen138
)
(C:\Users\JYOTISHKA\AppData\Local\Programs\MiKTeX\tex/latex/amsmath\amsmath.sty
Package: amsmath 2021/10/15 v2.17l AMS math features
\@mathmargin=\skip49
For additional information on amsmath, use the `?' option.

(C:\Users\JYOTISHKA\AppData\Local\Programs\MiKTeX\tex/latex/amsmath\amstext.sty
Package: amstext 2021/08/26 v2.01 AMS text
(C:\Users\JYOTISHKA\AppData\Local\Programs\MiKTeX\tex/latex/amsmath\amsgen.sty
File: amsgen.sty 1999/11/30 v2.0 generic functions
\@emptytoks=\toks16
\ex@=\dimen139
)) (C:\Users\JYOTISHKA\AppData\Local\Programs\MiKTeX\tex/latex/amsmath\amsbsy.s
ty
Package: amsbsy 1999/11/29 v1.2d Bold Symbols
\pmbraise@=\dimen140
) (C:\Users\JYOTISHKA\AppData\Local\Programs\MiKTeX\tex/latex/amsmath\amsopn.st
y
Package: amsopn 2021/08/26 v2.02 operator names
)
\inf@bad=\count193
LaTeX Info: Redefining \frac on input line 234.
\uproot@=\count194
\leftroot@=\count195
LaTeX Info: Redefining \overline on input line 399.
\classnum@=\count196
\DOTSCASE@=\count197
LaTeX Info: Redefining \ldots on input line 496.
LaTeX Info: Redefining \dots on input line 499.
LaTeX Info: Redefining \cdots on input line 620.
\Mathstrutbox@=\box50
\strutbox@=\box51
\big@size=\dimen141
LaTeX Font Info:    Redeclaring font encoding OML on input line 743.
LaTeX Font Info:    Redeclaring font encoding OMS on input line 744.
\macc@depth=\count198
\c@MaxMatrixCols=\count199
\dotsspace@=\muskip16
\c@parentequation=\count266
\dspbrk@lvl=\count267
\tag@help=\toks17
\row@=\count268
\column@=\count269
\maxfields@=\count270
\andhelp@=\toks18
\eqnshift@=\dimen142
\alignsep@=\dimen143
\tagshift@=\dimen144
\tagwidth@=\dimen145
\totwidth@=\dimen146
\lineht@=\dimen147
\@envbody=\toks19
\multlinegap=\skip50
\multlinetaggap=\skip51
\mathdisplay@stack=\toks20
LaTeX Info: Redefining \[ on input line 2938.
LaTeX Info: Redefining \] on input line 2939.
)
(C:\Users\JYOTISHKA\AppData\Local\Programs\MiKTeX\tex/latex/amsfonts\amssymb.st
y
Package: amssymb 2013/01/14 v3.01 AMS font symbols

(C:\Users\JYOTISHKA\AppData\Local\Programs\MiKTeX\tex/latex/amsfonts\amsfonts.s
ty
Package: amsfonts 2013/01/14 v3.01 Basic AMSFonts support
\symAMSa=\mathgroup4
\symAMSb=\mathgroup5
LaTeX Font Info:    Redeclaring math symbol \hbar on input line 98.
LaTeX Font Info:    Overwriting math alphabet `\mathfrak' in version `bold'
(Font)                  U/euf/m/n --> U/euf/b/n on input line 106.
))
(C:\Users\JYOTISHKA\AppData\Local\Programs\MiKTeX\tex/latex/libertine\libertine
.sty
Package: libertine 2020/03/26 (Bob Tennent) Supports Libertine and Biolinum fon
ts for all LaTeX engines.

(C:\Users\JYOTISHKA\AppData\Local\Programs\MiKTeX\tex/generic/iftex\ifxetex.sty
Package: ifxetex 2019/10/25 v0.7 ifxetex legacy package. Use iftex instead.
(C:\Users\JYOTISHKA\AppData\Local\Programs\MiKTeX\tex/generic/iftex\iftex.sty
Package: iftex 2020/03/06 v1.0d TeX engine tests
))
(C:\Users\JYOTISHKA\AppData\Local\Programs\MiKTeX\tex/generic/iftex\ifluatex.st
y
Package: ifluatex 2019/10/25 v1.5 ifluatex legacy package. Use iftex instead.
)
(C:\Users\JYOTISHKA\AppData\Local\Programs\MiKTeX\tex/latex/xkeyval\xkeyval.sty
Package: xkeyval 2020/11/20 v2.8 package option processing (HA)

(C:\Users\JYOTISHKA\AppData\Local\Programs\MiKTeX\tex/generic/xkeyval\xkeyval.t
ex
(C:\Users\JYOTISHKA\AppData\Local\Programs\MiKTeX\tex/generic/xkeyval\xkvutils.
tex
\XKV@toks=\toks21
\XKV@tempa@toks=\toks22

(C:\Users\JYOTISHKA\AppData\Local\Programs\MiKTeX\tex/generic/xkeyval\keyval.te
x))
\XKV@depth=\count271
File: xkeyval.tex 2014/12/03 v2.7a key=value parser (HA)
)) (C:\Users\JYOTISHKA\AppData\Local\Programs\MiKTeX\tex/latex/base\textcomp.st
y
Package: textcomp 2020/02/02 v2.0n Standard LaTeX package
) (C:\Users\JYOTISHKA\AppData\Local\Programs\MiKTeX\tex/latex/base\fontenc.sty
Package: fontenc 2021/04/29 v2.0v Standard LaTeX package
)
(C:\Users\JYOTISHKA\AppData\Local\Programs\MiKTeX\tex/latex/fontaxes\fontaxes.s
ty
Package: fontaxes 2020/07/21 v1.0e Font selection axes
LaTeX Info: Redefining \upshape on input line 29.
LaTeX Info: Redefining \itshape on input line 31.
LaTeX Info: Redefining \slshape on input line 33.
LaTeX Info: Redefining \swshape on input line 35.
LaTeX Info: Redefining \scshape on input line 37.
LaTeX Info: Redefining \sscshape on input line 39.
LaTeX Info: Redefining \ulcshape on input line 41.
LaTeX Info: Redefining \textsw on input line 47.
LaTeX Info: Redefining \textssc on input line 48.
LaTeX Info: Redefining \textulc on input line 49.
)
LaTeX Info: Redefining \oldstylenums on input line 484.

(C:\Users\JYOTISHKA\AppData\Local\Programs\MiKTeX\tex/latex/libertine\LinLibert
ine_I.tex)) (C:\Users\JYOTISHKA\AppData\Local\Programs\MiKTeX\tex/latex/base\fo
ntenc.sty
Package: fontenc 2021/04/29 v2.0v Standard LaTeX package
LaTeX Font Info:    Trying to load font information for T1+LinuxLibertineT-TLF 
on input line 112.

(C:\Users\JYOTISHKA\AppData\Local\Programs\MiKTeX\tex/latex/libertine\t1linuxli
bertinet-tlf.fd
File: T1LinuxLibertineT-TLF.fd 2017/03/20 (autoinst) Font definitions for T1/Li
nuxLibertineT-TLF.
)
LaTeX Font Info:    Font shape `T1/LinuxLibertineT-TLF/m/n' will be
(Font)              scaled to size 12.0pt on input line 112.
) (C:\Users\JYOTISHKA\AppData\Local\Programs\MiKTeX\tex/latex/base\inputenc.sty
Package: inputenc 2021/02/14 v1.3d Input encoding file
\inpenc@prehook=\toks23
\inpenc@posthook=\toks24
)
(C:\Users\JYOTISHKA\AppData\Local\Programs\MiKTeX\tex/latex/upquote\upquote.sty
Package: upquote 2012/04/19 v1.3 upright-quote and grave-accent glyphs in verba
tim
)
(C:\Users\JYOTISHKA\AppData\Local\Programs\MiKTeX\tex/latex/microtype\microtype
.sty
Package: microtype 2021/12/10 v3.0b Micro-typographical refinements (RS)

(C:\Users\JYOTISHKA\AppData\Local\Programs\MiKTeX\tex/latex/etoolbox\etoolbox.s
ty
Package: etoolbox 2020/10/05 v2.5k e-TeX tools for LaTeX (JAW)
\etb@tempcnta=\count272
)
\MT@toks=\toks25
\MT@count=\count273
\MT@tempbox=\box52
LaTeX Info: Redefining \leftprotrusion on input line 1010.
LaTeX Info: Redefining \rightprotrusion on input line 1018.
LaTeX Info: Redefining \textls on input line 1173.
\MT@outer@kern=\dimen148
LaTeX Info: Redefining \textmicrotypecontext on input line 1759.
\MT@listname@count=\count274

(C:\Users\JYOTISHKA\AppData\Local\Programs\MiKTeX\tex/latex/microtype\microtype
-pdftex.def
File: microtype-pdftex.def 2021/12/10 v3.0b Definitions specific to pdftex (RS)

LaTeX Info: Redefining \lsstyle on input line 897.
LaTeX Info: Redefining \lslig on input line 897.
\MT@outer@space=\skip52
)
Package microtype Info: Loading configuration file microtype.cfg.

(C:\Users\JYOTISHKA\AppData\Local\Programs\MiKTeX\tex/latex/microtype\microtype
.cfg
File: microtype.cfg 2021/12/10 v3.0b microtype main configuration file (RS)
))
(C:\Users\JYOTISHKA\AppData\Local\Programs\MiKTeX\tex/latex/parskip\parskip.sty
Package: parskip 2021-03-14 v2.0h non-zero parskip adjustments

(C:\Users\JYOTISHKA\AppData\Local\Programs\MiKTeX\tex/latex/kvoptions\kvoptions
.sty
Package: kvoptions 2020-10-07 v3.14 Key value format for package options (HO)

(C:\Users\JYOTISHKA\AppData\Local\Programs\MiKTeX\tex/generic/ltxcmds\ltxcmds.s
ty
Package: ltxcmds 2020-05-10 v1.25 LaTeX kernel commands for general use (HO)
)
(C:\Users\JYOTISHKA\AppData\Local\Programs\MiKTeX\tex/generic/kvsetkeys\kvsetke
ys.sty
Package: kvsetkeys 2019/12/15 v1.18 Key value parser (HO)
))) (C:\Users\JYOTISHKA\AppData\Local\Programs\MiKTeX\tex/latex/xcolor\xcolor.s
ty
Package: xcolor 2021/10/31 v2.13 LaTeX color extensions (UK)

(C:\Users\JYOTISHKA\AppData\Local\Programs\MiKTeX\tex/latex/graphics-cfg\color.
cfg
File: color.cfg 2016/01/02 v1.6 sample color configuration
)
Package xcolor Info: Driver file: pdftex.def on input line 227.

(C:\Users\JYOTISHKA\AppData\Local\Programs\MiKTeX\tex/latex/graphics-def\pdftex
.def
File: pdftex.def 2020/10/05 v1.2a Graphics/color driver for pdftex
)
Package xcolor Info: Model `cmy' substituted by `cmy0' on input line 1352.
Package xcolor Info: Model `hsb' substituted by `rgb' on input line 1356.
Package xcolor Info: Model `RGB' extended on input line 1368.
Package xcolor Info: Model `HTML' substituted by `rgb' on input line 1370.
Package xcolor Info: Model `Hsb' substituted by `hsb' on input line 1371.
Package xcolor Info: Model `tHsb' substituted by `hsb' on input line 1372.
Package xcolor Info: Model `HSB' substituted by `hsb' on input line 1373.
Package xcolor Info: Model `Gray' substituted by `gray' on input line 1374.
Package xcolor Info: Model `wave' substituted by `hsb' on input line 1375.
) (C:\Users\JYOTISHKA\AppData\Local\Programs\MiKTeX\tex/latex/xurl\xurl.sty
Package: xurl 2022/01/09 v 0.10 modify URL breaks
(C:\Users\JYOTISHKA\AppData\Local\Programs\MiKTeX\tex/latex/url\url.sty
\Urlmuskip=\muskip17
Package: url 2013/09/16  ver 3.4  Verb mode for urls, etc.
))
(C:\Users\JYOTISHKA\AppData\Local\Programs\MiKTeX\tex/latex/bookmark\bookmark.s
ty
Package: bookmark 2020-11-06 v1.29 PDF bookmarks (HO)

(C:\Users\JYOTISHKA\AppData\Local\Programs\MiKTeX\tex/latex/hyperref\hyperref.s
ty
Package: hyperref 2021-06-07 v7.00m Hypertext links for LaTeX

(C:\Users\JYOTISHKA\AppData\Local\Programs\MiKTeX\tex/generic/pdftexcmds\pdftex
cmds.sty
Package: pdftexcmds 2020-06-27 v0.33 Utility functions of pdfTeX for LuaTeX (HO
)

(C:\Users\JYOTISHKA\AppData\Local\Programs\MiKTeX\tex/generic/infwarerr\infware
rr.sty
Package: infwarerr 2019/12/03 v1.5 Providing info/warning/error messages (HO)
)
Package pdftexcmds Info: \pdf@primitive is available.
Package pdftexcmds Info: \pdf@ifprimitive is available.
Package pdftexcmds Info: \pdfdraftmode found.
)
(C:\Users\JYOTISHKA\AppData\Local\Programs\MiKTeX\tex/generic/kvdefinekeys\kvde
finekeys.sty
Package: kvdefinekeys 2019-12-19 v1.6 Define keys (HO)
)
(C:\Users\JYOTISHKA\AppData\Local\Programs\MiKTeX\tex/generic/pdfescape\pdfesca
pe.sty
Package: pdfescape 2019/12/09 v1.15 Implements pdfTeX's escape features (HO)
)
(C:\Users\JYOTISHKA\AppData\Local\Programs\MiKTeX\tex/latex/hycolor\hycolor.sty
Package: hycolor 2020-01-27 v1.10 Color options for hyperref/bookmark (HO)
)
(C:\Users\JYOTISHKA\AppData\Local\Programs\MiKTeX\tex/latex/letltxmacro\letltxm
acro.sty
Package: letltxmacro 2019/12/03 v1.6 Let assignment for LaTeX macros (HO)
)
(C:\Users\JYOTISHKA\AppData\Local\Programs\MiKTeX\tex/latex/auxhook\auxhook.sty
Package: auxhook 2019-12-17 v1.6 Hooks for auxiliary files (HO)
)
\@linkdim=\dimen149
\Hy@linkcounter=\count275
\Hy@pagecounter=\count276

(C:\Users\JYOTISHKA\AppData\Local\Programs\MiKTeX\tex/latex/hyperref\pd1enc.def
File: pd1enc.def 2021-06-07 v7.00m Hyperref: PDFDocEncoding definition (HO)
Now handling font encoding PD1 ...
... no UTF-8 mapping file for font encoding PD1
)
(C:\Users\JYOTISHKA\AppData\Local\Programs\MiKTeX\tex/latex/hyperref\hyperref-l
angpatches.def
File: hyperref-langpatches.def 2021-06-07 v7.00m Hyperref: patches for babel la
nguages
)
(C:\Users\JYOTISHKA\AppData\Local\Programs\MiKTeX\tex/generic/intcalc\intcalc.s
ty
Package: intcalc 2019/12/15 v1.3 Expandable calculations with integers (HO)
)
(C:\Users\JYOTISHKA\AppData\Local\Programs\MiKTeX\tex/generic/etexcmds\etexcmds
.sty
Package: etexcmds 2019/12/15 v1.7 Avoid name clashes with e-TeX commands (HO)
)
\Hy@SavedSpaceFactor=\count277
(C:\Users\JYOTISHKA\AppData\Local\Programs\MiKTeX\tex/latex/hyperref\puenc.def
File: puenc.def 2021-06-07 v7.00m Hyperref: PDF Unicode definition (HO)
Now handling font encoding PU ...
... no UTF-8 mapping file for font encoding PU
)
Package hyperref Info: Option `unicode' set `true' on input line 4073.
Package hyperref Info: Hyper figures OFF on input line 4192.
Package hyperref Info: Link nesting OFF on input line 4197.
Package hyperref Info: Hyper index ON on input line 4200.
Package hyperref Info: Plain pages OFF on input line 4207.
Package hyperref Info: Backreferencing OFF on input line 4212.
Package hyperref Info: Implicit mode ON; LaTeX internals redefined.
Package hyperref Info: Bookmarks ON on input line 4445.
\c@Hy@tempcnt=\count278
LaTeX Info: Redefining \url on input line 4804.
\XeTeXLinkMargin=\dimen150

(C:\Users\JYOTISHKA\AppData\Local\Programs\MiKTeX\tex/generic/bitset\bitset.sty
Package: bitset 2019/12/09 v1.3 Handle bit-vector datatype (HO)

(C:\Users\JYOTISHKA\AppData\Local\Programs\MiKTeX\tex/generic/bigintcalc\bigint
calc.sty
Package: bigintcalc 2019/12/15 v1.5 Expandable calculations on big integers (HO
)
))
\Fld@menulength=\count279
\Field@Width=\dimen151
\Fld@charsize=\dimen152
Package hyperref Info: Hyper figures OFF on input line 6076.
Package hyperref Info: Link nesting OFF on input line 6081.
Package hyperref Info: Hyper index ON on input line 6084.
Package hyperref Info: backreferencing OFF on input line 6091.
Package hyperref Info: Link coloring OFF on input line 6096.
Package hyperref Info: Link coloring with OCG OFF on input line 6101.
Package hyperref Info: PDF/A mode OFF on input line 6106.
LaTeX Info: Redefining \ref on input line 6146.
LaTeX Info: Redefining \pageref on input line 6150.

(C:\Users\JYOTISHKA\AppData\Local\Programs\MiKTeX\tex/latex/base\atbegshi-ltx.s
ty
Package: atbegshi-ltx 2021/01/10 v1.0c Emulation of the original atbegshi
package with kernel methods
)
\Hy@abspage=\count280
\c@Item=\count281
\c@Hfootnote=\count282
)
Package hyperref Info: Driver (autodetected): hpdftex.

(C:\Users\JYOTISHKA\AppData\Local\Programs\MiKTeX\tex/latex/hyperref\hpdftex.de
f
File: hpdftex.def 2021-06-07 v7.00m Hyperref driver for pdfTeX

(C:\Users\JYOTISHKA\AppData\Local\Programs\MiKTeX\tex/latex/base\atveryend-ltx.
sty
Package: atveryend-ltx 2020/08/19 v1.0a Emulation of the original atveryend pac
kage
with kernel methods
)
\Fld@listcount=\count283
\c@bookmark@seq@number=\count284

(C:\Users\JYOTISHKA\AppData\Local\Programs\MiKTeX\tex/latex/rerunfilecheck\reru
nfilecheck.sty
Package: rerunfilecheck 2019/12/05 v1.9 Rerun checks for auxiliary files (HO)

(C:\Users\JYOTISHKA\AppData\Local\Programs\MiKTeX\tex/generic/uniquecounter\uni
quecounter.sty
Package: uniquecounter 2019/12/15 v1.4 Provide unlimited unique counter (HO)
)
Package uniquecounter Info: New unique counter `rerunfilecheck' on input line 2
86.
)
\Hy@SectionHShift=\skip53
)
(C:\Users\JYOTISHKA\AppData\Local\Programs\MiKTeX\tex/latex/bookmark\bkm-pdftex
.def
File: bkm-pdftex.def 2020-11-06 v1.29 bookmark driver for pdfTeX (HO)
\BKM@id=\count285
))
(C:\Users\JYOTISHKA\AppData\Local\Programs\MiKTeX\tex/latex/geometry\geometry.s
ty
Package: geometry 2020/01/02 v5.9 Page Geometry
(C:\Users\JYOTISHKA\AppData\Local\Programs\MiKTeX\tex/generic/iftex\ifvtex.sty
Package: ifvtex 2019/10/25 v1.7 ifvtex legacy package. Use iftex instead.
)
\Gm@cnth=\count286
\Gm@cntv=\count287
\c@Gm@tempcnt=\count288
\Gm@bindingoffset=\dimen153
\Gm@wd@mp=\dimen154
\Gm@odd@mp=\dimen155
\Gm@even@mp=\dimen156
\Gm@layoutwidth=\dimen157
\Gm@layoutheight=\dimen158
\Gm@layouthoffset=\dimen159
\Gm@layoutvoffset=\dimen160
\Gm@dimlist=\toks26

(C:\Users\JYOTISHKA\AppData\Local\Programs\MiKTeX\tex/latex/geometry\geometry.c
fg))
(C:\Users\JYOTISHKA\AppData\Local\Programs\MiKTeX\tex/latex/graphics\graphicx.s
ty
Package: graphicx 2021/09/16 v1.2d Enhanced LaTeX Graphics (DPC,SPQR)

(C:\Users\JYOTISHKA\AppData\Local\Programs\MiKTeX\tex/latex/graphics\graphics.s
ty
Package: graphics 2021/03/04 v1.4d Standard LaTeX Graphics (DPC,SPQR)
(C:\Users\JYOTISHKA\AppData\Local\Programs\MiKTeX\tex/latex/graphics\trig.sty
Package: trig 2021/08/11 v1.11 sin cos tan (DPC)
)
(C:\Users\JYOTISHKA\AppData\Local\Programs\MiKTeX\tex/latex/graphics-cfg\graphi
cs.cfg
File: graphics.cfg 2016/06/04 v1.11 sample graphics configuration
)
Package graphics Info: Driver file: pdftex.def on input line 107.
)
\Gin@req@height=\dimen161
\Gin@req@width=\dimen162
)
(C:\Users\JYOTISHKA\AppData\Local\Programs\MiKTeX\tex/latex/booktabs\booktabs.s
ty
Package: booktabs 2020/01/12 v1.61803398 Publication quality tables
\heavyrulewidth=\dimen163
\lightrulewidth=\dimen164
\cmidrulewidth=\dimen165
\belowrulesep=\dimen166
\belowbottomsep=\dimen167
\aboverulesep=\dimen168
\abovetopsep=\dimen169
\cmidrulesep=\dimen170
\cmidrulekern=\dimen171
\defaultaddspace=\dimen172
\@cmidla=\count289
\@cmidlb=\count290
\@aboverulesep=\dimen173
\@belowrulesep=\dimen174
\@thisruleclass=\count291
\@lastruleclass=\count292
\@thisrulewidth=\dimen175
)
(C:\Users\JYOTISHKA\AppData\Local\Programs\MiKTeX\tex/latex/tools\longtable.sty
Package: longtable 2021-09-01 v4.17 Multi-page Table package (DPC)
\LTleft=\skip54
\LTright=\skip55
\LTpre=\skip56
\LTpost=\skip57
\LTchunksize=\count293
\LTcapwidth=\dimen176
\LT@head=\box53
\LT@firsthead=\box54
\LT@foot=\box55
\LT@lastfoot=\box56
\LT@gbox=\box57
\LT@cols=\count294
\LT@rows=\count295
\c@LT@tables=\count296
\c@LT@chunks=\count297
\LT@p@ftn=\toks27
) (C:\Users\JYOTISHKA\AppData\Local\Programs\MiKTeX\tex/latex/tools\array.sty
Package: array 2021/10/04 v2.5f Tabular extension package (FMi)
\col@sep=\dimen177
\ar@mcellbox=\box58
\extrarowheight=\dimen178
\NC@list=\toks28
\extratabsurround=\skip58
\backup@length=\skip59
\ar@cellbox=\box59
)
(C:\Users\JYOTISHKA\AppData\Local\Programs\MiKTeX\tex/latex/multirow\multirow.s
ty
Package: multirow 2021/03/15 v2.8 Span multiple rows of a table
\multirow@colwidth=\skip60
\multirow@cntb=\count298
\multirow@dima=\skip61
\bigstrutjot=\dimen179
)
(C:\Users\JYOTISHKA\AppData\Local\Programs\MiKTeX\tex/latex/wrapfig\wrapfig.sty
\wrapoverhang=\dimen180
\WF@size=\dimen181
\c@WF@wrappedlines=\count299
\WF@box=\box60
\WF@everypar=\toks29
Package: wrapfig 2003/01/31  v 3.6
) (C:\Users\JYOTISHKA\AppData\Local\Programs\MiKTeX\tex/latex/float\float.sty
Package: float 2001/11/08 v1.3d Float enhancements (AL)
\c@float@type=\count300
\float@exts=\toks30
\float@box=\box61
\@float@everytoks=\toks31
\@floatcapt=\box62
)
(C:\Users\JYOTISHKA\AppData\Local\Programs\MiKTeX\tex/latex/colortbl\colortbl.s
ty
Package: colortbl 2020/01/04 v1.0e Color table columns (DPC)
\everycr=\toks32
\minrowclearance=\skip62
)
(C:\Users\JYOTISHKA\AppData\Local\Programs\MiKTeX\tex/latex/pdflscape\pdflscape
.sty
Package: pdflscape 2019/12/05 v0.12 Display of landscape pages in PDF (HO)

(C:\Users\JYOTISHKA\AppData\Local\Programs\MiKTeX\tex/latex/graphics\lscape.sty
Package: lscape 2020/05/28 v3.02 Landscape Pages (DPC)
)
Package pdflscape Info: Auto-detected driver: pdftex on input line 81.
) (C:\Users\JYOTISHKA\AppData\Local\Programs\MiKTeX\tex/latex/tabu\tabu.sty
Package: tabu 2019/01/11 v2.9 - flexible LaTeX tabulars (FC+tabu-fixed)

(C:\Users\JYOTISHKA\AppData\Local\Programs\MiKTeX\tex/latex/varwidth\varwidth.s
ty
Package: varwidth 2009/03/30 ver 0.92;  Variable-width minipages
\@vwid@box=\box63
\sift@deathcycles=\count301
\@vwid@loff=\dimen182
\@vwid@roff=\dimen183
)
\c@taburow=\count302
\tabu@nbcols=\count303
\tabu@cnt=\count304
\tabu@Xcol=\count305
\tabu@alloc=\count306
\tabu@nested=\count307
\tabu@target=\dimen184
\tabu@spreadtarget=\dimen185
\tabu@naturalX=\dimen186
\tabucolX=\dimen187
\tabu@Xsum=\dimen188
\extrarowdepth=\dimen189
\abovetabulinesep=\dimen190
\belowtabulinesep=\dimen191
\tabustrutrule=\dimen192
\tabu@thebody=\toks33
\tabu@footnotes=\toks34
\tabu@box=\box64
\tabu@arstrutbox=\box65
\tabu@hleads=\box66
\tabu@vleads=\box67
\tabu@cellskip=\skip63
)
(C:\Users\JYOTISHKA\AppData\Local\Programs\MiKTeX\tex/latex/threeparttable\thre
eparttable.sty
Package: threeparttable 2003/06/13  v 3.0
\@tempboxb=\box68
)
(C:\Users\JYOTISHKA\AppData\Local\Programs\MiKTeX\tex/latex/threeparttablex\thr
eeparttablex.sty
Package: threeparttablex 2013/07/23 v0.3 by daleif

(C:\Users\JYOTISHKA\AppData\Local\Programs\MiKTeX\tex/latex/environ\environ.sty
Package: environ 2014/05/04 v0.3 A new way to define environments

(C:\Users\JYOTISHKA\AppData\Local\Programs\MiKTeX\tex/latex/trimspaces\trimspac
es.sty
Package: trimspaces 2009/09/17 v1.1 Trim spaces around a token list
))
\TPTL@width=\skip64
) (C:\Users\JYOTISHKA\AppData\Local\Programs\MiKTeX\tex/latex/ulem\ulem.sty
\UL@box=\box69
\UL@hyphenbox=\box70
\UL@skip=\skip65
\UL@hook=\toks35
\UL@height=\dimen193
\UL@pe=\count308
\UL@pixel=\dimen194
\ULC@box=\box71
Package: ulem 2019/11/18
\ULdepth=\dimen195
)
(C:\Users\JYOTISHKA\AppData\Local\Programs\MiKTeX\tex/latex/makecell\makecell.s
ty
Package: makecell 2009/08/03 V0.1e Managing of Tab Column Heads and Cells
\rotheadsize=\dimen196
\c@nlinenum=\count309
\TeXr@lab=\toks36
)
(C:\Users\JYOTISHKA\AppData\Local\Programs\MiKTeX\tex/latex/l3backend\l3backend
-pdftex.def
File: l3backend-pdftex.def 2022-01-12 L3 backend support: PDF output (pdfTeX)
\l__color_backend_stack_int=\count310
\l__pdf_internal_box=\box72
) (All-Migration-Tables.aux

LaTeX Warning: Label `tab:unnamed-chunk-1' multiply defined.


LaTeX Warning: Label `tab:unnamed-chunk-1' multiply defined.


LaTeX Warning: Label `tab:unnamed-chunk-2' multiply defined.


LaTeX Warning: Label `tab:unnamed-chunk-2' multiply defined.


LaTeX Warning: Label `tab:unnamed-chunk-3' multiply defined.


LaTeX Warning: Label `tab:unnamed-chunk-3' multiply defined.


LaTeX Warning: Label `tab:unnamed-chunk-4' multiply defined.


LaTeX Warning: Label `tab:unnamed-chunk-4' multiply defined.


LaTeX Warning: Label `tab:unnamed-chunk-5' multiply defined.


LaTeX Warning: Label `tab:unnamed-chunk-5' multiply defined.


LaTeX Warning: Label `tab:unnamed-chunk-6' multiply defined.


LaTeX Warning: Label `tab:unnamed-chunk-6' multiply defined.


LaTeX Warning: Label `tab:unnamed-chunk-7' multiply defined.


LaTeX Warning: Label `tab:unnamed-chunk-7' multiply defined.


LaTeX Warning: Label `tab:unnamed-chunk-8' multiply defined.


LaTeX Warning: Label `tab:unnamed-chunk-8' multiply defined.


LaTeX Warning: Label `tab:unnamed-chunk-9' multiply defined.


LaTeX Warning: Label `tab:unnamed-chunk-9' multiply defined.


LaTeX Warning: Label `tab:unnamed-chunk-10' multiply defined.


LaTeX Warning: Label `tab:unnamed-chunk-10' multiply defined.


LaTeX Warning: Label `tab:unnamed-chunk-11' multiply defined.


LaTeX Warning: Label `tab:unnamed-chunk-11' multiply defined.


LaTeX Warning: Label `tab:unnamed-chunk-12' multiply defined.


LaTeX Warning: Label `tab:unnamed-chunk-12' multiply defined.


LaTeX Warning: Label `tab:unnamed-chunk-13' multiply defined.


LaTeX Warning: Label `tab:unnamed-chunk-13' multiply defined.


LaTeX Warning: Label `tab:unnamed-chunk-14' multiply defined.


LaTeX Warning: Label `tab:unnamed-chunk-14' multiply defined.

)
\openout1 = `All-Migration-Tables.aux'.

LaTeX Font Info:    Checking defaults for OML/cmm/m/it on input line 87.
LaTeX Font Info:    ... okay on input line 87.
LaTeX Font Info:    Checking defaults for OMS/cmsy/m/n on input line 87.
LaTeX Font Info:    ... okay on input line 87.
LaTeX Font Info:    Checking defaults for OT1/cmr/m/n on input line 87.
LaTeX Font Info:    ... okay on input line 87.
LaTeX Font Info:    Checking defaults for T1/cmr/m/n on input line 87.
LaTeX Font Info:    ... okay on input line 87.
LaTeX Font Info:    Checking defaults for TS1/cmr/m/n on input line 87.
LaTeX Font Info:    ... okay on input line 87.
LaTeX Font Info:    Checking defaults for OMX/cmex/m/n on input line 87.
LaTeX Font Info:    ... okay on input line 87.
LaTeX Font Info:    Checking defaults for U/cmr/m/n on input line 87.
LaTeX Font Info:    ... okay on input line 87.
LaTeX Font Info:    Checking defaults for PD1/pdf/m/n on input line 87.
LaTeX Font Info:    ... okay on input line 87.
LaTeX Font Info:    Checking defaults for PU/pdf/m/n on input line 87.
LaTeX Font Info:    ... okay on input line 87.
\c@mv@tabular=\count311
\c@mv@boldtabular=\count312
LaTeX Info: Redefining \microtypecontext on input line 87.
Package microtype Info: Applying patch `item' on input line 87.
Package microtype Info: Applying patch `toc' on input line 87.
Package microtype Info: Applying patch `eqnum' on input line 87.
Package microtype Info: Applying patch `footnote' on input line 87.
Package microtype Info: Generating PDF output.
Package microtype Info: Character protrusion enabled (level 2).
Package microtype Info: Using protrusion set `basicmath'.
Package microtype Info: Automatic font expansion enabled (level 2),
(microtype)             stretch: 20, shrink: 20, step: 1, non-selected.
Package microtype Info: Using default expansion set `alltext-nott'.
LaTeX Info: Redefining \showhyphens on input line 87.
Package microtype Info: No adjustment of tracking.
Package microtype Info: No adjustment of interword spacing.
Package microtype Info: No adjustment of character kerning.
Package microtype Info: Loading generic protrusion settings for font family
(microtype)             `LinuxLibertineT-TLF' (encoding: T1).
(microtype)             For optimal results, create family-specific settings.
(microtype)             See the microtype manual for details.

(C:\Users\JYOTISHKA\AppData\Local\Programs\MiKTeX\tex/context/base/mkii\supp-pd
f.mkii
[Loading MPS to PDF converter (version 2006.09.02).]
\scratchcounter=\count313
\scratchdimen=\dimen197
\scratchbox=\box73
\nofMPsegments=\count314
\nofMParguments=\count315
\everyMPshowfont=\toks37
\MPscratchCnt=\count316
\MPscratchDim=\dimen198
\MPnumerator=\count317
\makeMPintoPDFobject=\count318
\everyMPtoPDFconversion=\toks38
)
(C:\Users\JYOTISHKA\AppData\Local\Programs\MiKTeX\tex/latex/epstopdf-pkg\epstop
df-base.sty
Package: epstopdf-base 2020-01-24 v2.11 Base part for package epstopdf
Package epstopdf-base Info: Redefining graphics rule for `.eps' on input line 4
85.

(C:\Users\JYOTISHKA\AppData\Local\Programs\MiKTeX\tex/latex/00miktex\epstopdf-s
ys.cfg
File: epstopdf-sys.cfg 2021/03/18 v2.0 Configuration of epstopdf for MiKTeX
))
Package hyperref Info: Link coloring OFF on input line 87.

(C:\Users\JYOTISHKA\AppData\Local\Programs\MiKTeX\tex/latex/hyperref\nameref.st
y
Package: nameref 2021-04-02 v2.47 Cross-referencing by name of section

(C:\Users\JYOTISHKA\AppData\Local\Programs\MiKTeX\tex/latex/refcount\refcount.s
ty
Package: refcount 2019/12/15 v3.6 Data extraction from label references (HO)
)
(C:\Users\JYOTISHKA\AppData\Local\Programs\MiKTeX\tex/generic/gettitlestring\ge
ttitlestring.sty
Package: gettitlestring 2019/12/15 v1.6 Cleanup title references (HO)
)
\c@section@level=\count319
)
LaTeX Info: Redefining \ref on input line 87.
LaTeX Info: Redefining \pageref on input line 87.
LaTeX Info: Redefining \nameref on input line 87.
*geometry* driver: auto-detecting
*geometry* detected driver: pdftex
*geometry* verbose mode - [ preamble ] result:
* driver: pdftex
* paper: <default>
* layout: <same size as paper>
* layoutoffset:(h,v)=(0.0pt,0.0pt)
* modes: 
* h-part:(L,W,R)=(14.45377pt, 585.38747pt, 14.45377pt)
* v-part:(T,H,B)=(14.45377pt, 766.06245pt, 14.45377pt)
* \paperwidth=614.295pt
* \paperheight=794.96999pt
* \textwidth=585.38747pt
* \textheight=766.06245pt
* \oddsidemargin=-57.81622pt
* \evensidemargin=-57.81622pt
* \topmargin=-94.81622pt
* \headheight=12.0pt
* \headsep=25.0pt
* \topskip=12.0pt
* \footskip=30.0pt
* \marginparwidth=44.0pt
* \marginparsep=10.0pt
* \columnsep=10.0pt
* \skip\footins=10.8pt plus 4.0pt minus 2.0pt
* \hoffset=0.0pt
* \voffset=0.0pt
* \mag=1000
* \@twocolumnfalse
* \@twosidefalse
* \@mparswitchfalse
* \@reversemarginfalse
* (1in=72.27pt=25.4mm, 1cm=28.453pt)

LaTeX Font Info:    Font shape `T1/LinuxLibertineT-TLF/m/n' will be
(Font)              scaled to size 20.74pt on input line 89.
LaTeX Font Info:    Font shape `T1/LinuxLibertineT-TLF/m/n' will be
(Font)              scaled to size 14.4pt on input line 89.

(C:\Users\JYOTISHKA\AppData\Local\Programs\MiKTeX\tex/latex/microtype\mt-cmr.cf
g
File: mt-cmr.cfg 2013/05/19 v2.2 microtype config. file: Computer Modern Roman 
(RS)
)
LaTeX Font Info:    Trying to load font information for U+msa on input line 89.

(C:\Users\JYOTISHKA\AppData\Local\Programs\MiKTeX\tex/latex/amsfonts\umsa.fd
File: umsa.fd 2013/01/14 v3.01 AMS symbols A
)
(C:\Users\JYOTISHKA\AppData\Local\Programs\MiKTeX\tex/latex/microtype\mt-msa.cf
g
File: mt-msa.cfg 2006/02/04 v1.1 microtype config. file: AMS symbols (a) (RS)
)
LaTeX Font Info:    Trying to load font information for U+msb on input line 89.

(C:\Users\JYOTISHKA\AppData\Local\Programs\MiKTeX\tex/latex/amsfonts\umsb.fd
File: umsb.fd 2013/01/14 v3.01 AMS symbols B
)
(C:\Users\JYOTISHKA\AppData\Local\Programs\MiKTeX\tex/latex/microtype\mt-msb.cf
g
File: mt-msb.cfg 2005/06/01 v1.0 microtype config. file: AMS symbols (b) (RS)
) [1

{C:/Users/JYOTISHKA/AppData/Local/MiKTeX/fonts/map/pdftex/pdftex.map}]
LaTeX Font Info:    Font shape `T1/LinuxLibertineT-TLF/m/n' will be
(Font)              scaled to size 17.28pt on input line 93.
LaTeX Font Info:    Font shape `T1/LinuxLibertineT-TLF/b/n' will be
(Font)              scaled to size 17.28pt on input line 93.
LaTeX Font Info:    Font shape `T1/LinuxLibertineT-TLF/m/n' will be
(Font)              scaled to size 9.7pt on input line 95.
LaTeX Font Info:    Calculating math sizes for size <9.7> on input line 102.
LaTeX Font Info:    Font shape `T1/LinuxLibertineT-TLF/m/n' will be
(Font)              scaled to size 6.78996pt on input line 102.
LaTeX Font Info:    Font shape `T1/LinuxLibertineT-TLF/m/it' will be
(Font)              scaled to size 9.7pt on input line 105.
[2]
Overfull \hbox (3.70757pt too wide) in alignment at lines 212--219
 [] [] [] [] [] [] [] [] [] [] [] [] [] 
 []


Overfull \hbox (3.70757pt too wide) in alignment at lines 219--226
 [] [] [] [] [] [] [] [] [] [] [] [] [] 
 []


Overfull \hbox (3.70757pt too wide) in alignment at lines 226--228
 [] [] [] [] [] [] [] [] [] [] [] [] [] 
 []


Overfull \hbox (3.70757pt too wide) in alignment at lines 228--230
 [] [] [] [] [] [] [] [] [] [] [] [] [] 
 []


Overfull \hbox (3.70757pt too wide) in alignment at lines 230--322
 [] [] [] [] [] [] [] [] [] [] [] [] [] 
 []

[3] [4] [5] [6]
Overfull \hbox (13.96046pt too wide) in alignment at lines 447--454
 [] [] [] [] [] [] [] [] [] [] [] [] [] 
 []


Overfull \hbox (13.96046pt too wide) in alignment at lines 454--461
 [] [] [] [] [] [] [] [] [] [] [] [] [] 
 []


Overfull \hbox (13.96046pt too wide) in alignment at lines 461--463
 [] [] [] [] [] [] [] [] [] [] [] [] [] 
 []


Overfull \hbox (13.96046pt too wide) in alignment at lines 463--465
 [] [] [] [] [] [] [] [] [] [] [] [] [] 
 []


Overfull \hbox (13.96046pt too wide) in alignment at lines 465--557
 [] [] [] [] [] [] [] [] [] [] [] [] [] 
 []

[7]
Overfull \hbox (8.21806pt too wide) in alignment at lines 562--569
 [] [] [] [] [] [] [] [] [] [] [] [] [] 
 []


Overfull \hbox (8.21806pt too wide) in alignment at lines 569--576
 [] [] [] [] [] [] [] [] [] [] [] [] [] 
 []


Overfull \hbox (8.21806pt too wide) in alignment at lines 576--578
 [] [] [] [] [] [] [] [] [] [] [] [] [] 
 []


Overfull \hbox (8.21806pt too wide) in alignment at lines 578--580
 [] [] [] [] [] [] [] [] [] [] [] [] [] 
 []


Overfull \hbox (8.21806pt too wide) in alignment at lines 580--672
 [] [] [] [] [] [] [] [] [] [] [] [] [] 
 []

[8] [9] [10] [11] [12]
Overfull \hbox (3.70757pt too wide) in alignment at lines 912--919
 [] [] [] [] [] [] [] [] [] [] [] [] [] 
 []


Overfull \hbox (3.70757pt too wide) in alignment at lines 919--926
 [] [] [] [] [] [] [] [] [] [] [] [] [] 
 []


Overfull \hbox (3.70757pt too wide) in alignment at lines 926--928
 [] [] [] [] [] [] [] [] [] [] [] [] [] 
 []


Overfull \hbox (3.70757pt too wide) in alignment at lines 928--930
 [] [] [] [] [] [] [] [] [] [] [] [] [] 
 []


Overfull \hbox (3.70757pt too wide) in alignment at lines 930--1022
 [] [] [] [] [] [] [] [] [] [] [] [] [] 
 []

[13] [14] [15] [16] [17]
Overfull \hbox (3.70757pt too wide) in alignment at lines 1262--1269
 [] [] [] [] [] [] [] [] [] [] [] [] [] 
 []


Overfull \hbox (3.70757pt too wide) in alignment at lines 1269--1276
 [] [] [] [] [] [] [] [] [] [] [] [] [] 
 []


Overfull \hbox (3.70757pt too wide) in alignment at lines 1276--1278
 [] [] [] [] [] [] [] [] [] [] [] [] [] 
 []


Overfull \hbox (3.70757pt too wide) in alignment at lines 1278--1280
 [] [] [] [] [] [] [] [] [] [] [] [] [] 
 []


Overfull \hbox (3.70757pt too wide) in alignment at lines 1280--1372
 [] [] [] [] [] [] [] [] [] [] [] [] [] 
 []

[18] [19] [20] [21]
Overfull \hbox (3.70757pt too wide) in alignment at lines 1497--1504
 [] [] [] [] [] [] [] [] [] [] [] [] [] 
 []


Overfull \hbox (3.70757pt too wide) in alignment at lines 1504--1511
 [] [] [] [] [] [] [] [] [] [] [] [] [] 
 []


Overfull \hbox (3.70757pt too wide) in alignment at lines 1511--1513
 [] [] [] [] [] [] [] [] [] [] [] [] [] 
 []


Overfull \hbox (3.70757pt too wide) in alignment at lines 1513--1515
 [] [] [] [] [] [] [] [] [] [] [] [] [] 
 []


Overfull \hbox (3.70757pt too wide) in alignment at lines 1515--1607
 [] [] [] [] [] [] [] [] [] [] [] [] [] 
 []

[22]
Overfull \hbox (12.72856pt too wide) in alignment at lines 1612--1619
 [] [] [] [] [] [] [] [] [] [] [] [] [] 
 []


Overfull \hbox (12.72856pt too wide) in alignment at lines 1619--1626
 [] [] [] [] [] [] [] [] [] [] [] [] [] 
 []


Overfull \hbox (12.72856pt too wide) in alignment at lines 1626--1628
 [] [] [] [] [] [] [] [] [] [] [] [] [] 
 []


Overfull \hbox (12.72856pt too wide) in alignment at lines 1628--1630
 [] [] [] [] [] [] [] [] [] [] [] [] [] 
 []


Overfull \hbox (12.72856pt too wide) in alignment at lines 1630--1722
 [] [] [] [] [] [] [] [] [] [] [] [] [] 
 []

[23] [24] [25] [26]
Overfull \hbox (12.72856pt too wide) in alignment at lines 1847--1854
 [] [] [] [] [] [] [] [] [] [] [] [] [] 
 []


Overfull \hbox (12.72856pt too wide) in alignment at lines 1854--1861
 [] [] [] [] [] [] [] [] [] [] [] [] [] 
 []


Overfull \hbox (12.72856pt too wide) in alignment at lines 1861--1863
 [] [] [] [] [] [] [] [] [] [] [] [] [] 
 []


Overfull \hbox (12.72856pt too wide) in alignment at lines 1863--1865
 [] [] [] [] [] [] [] [] [] [] [] [] [] 
 []


Overfull \hbox (12.72856pt too wide) in alignment at lines 1865--1957
 [] [] [] [] [] [] [] [] [] [] [] [] [] 
 []

[27]
Overfull \hbox (8.21806pt too wide) in alignment at lines 1962--1969
 [] [] [] [] [] [] [] [] [] [] [] [] [] 
 []


Overfull \hbox (8.21806pt too wide) in alignment at lines 1969--1976
 [] [] [] [] [] [] [] [] [] [] [] [] [] 
 []


Overfull \hbox (8.21806pt too wide) in alignment at lines 1976--1978
 [] [] [] [] [] [] [] [] [] [] [] [] [] 
 []


Overfull \hbox (8.21806pt too wide) in alignment at lines 1978--1980
 [] [] [] [] [] [] [] [] [] [] [] [] [] 
 []


Overfull \hbox (8.21806pt too wide) in alignment at lines 1980--2072
 [] [] [] [] [] [] [] [] [] [] [] [] [] 
 []

[28] [29] [30] [31] [32]
Overfull \hbox (3.70757pt too wide) in alignment at lines 2312--2319
 [] [] [] [] [] [] [] [] [] [] [] [] [] 
 []


Overfull \hbox (3.70757pt too wide) in alignment at lines 2319--2326
 [] [] [] [] [] [] [] [] [] [] [] [] [] 
 []


Overfull \hbox (3.70757pt too wide) in alignment at lines 2326--2328
 [] [] [] [] [] [] [] [] [] [] [] [] [] 
 []


Overfull \hbox (3.70757pt too wide) in alignment at lines 2328--2330
 [] [] [] [] [] [] [] [] [] [] [] [] [] 
 []


Overfull \hbox (3.70757pt too wide) in alignment at lines 2330--2422
 [] [] [] [] [] [] [] [] [] [] [] [] [] 
 []

[33] [34] [35] [36] [37]
Overfull \hbox (12.72856pt too wide) in alignment at lines 2662--2669
 [] [] [] [] [] [] [] [] [] [] [] [] [] 
 []


Overfull \hbox (12.72856pt too wide) in alignment at lines 2669--2676
 [] [] [] [] [] [] [] [] [] [] [] [] [] 
 []


Overfull \hbox (12.72856pt too wide) in alignment at lines 2676--2678
 [] [] [] [] [] [] [] [] [] [] [] [] [] 
 []


Overfull \hbox (12.72856pt too wide) in alignment at lines 2678--2680
 [] [] [] [] [] [] [] [] [] [] [] [] [] 
 []


Overfull \hbox (12.72856pt too wide) in alignment at lines 2680--2772
 [] [] [] [] [] [] [] [] [] [] [] [] [] 
 []

[38] [39] [40] [41] [42]
Overfull \hbox (12.72856pt too wide) in alignment at lines 3012--3019
 [] [] [] [] [] [] [] [] [] [] [] [] [] 
 []


Overfull \hbox (12.72856pt too wide) in alignment at lines 3019--3026
 [] [] [] [] [] [] [] [] [] [] [] [] [] 
 []


Overfull \hbox (12.72856pt too wide) in alignment at lines 3026--3028
 [] [] [] [] [] [] [] [] [] [] [] [] [] 
 []


Overfull \hbox (12.72856pt too wide) in alignment at lines 3028--3030
 [] [] [] [] [] [] [] [] [] [] [] [] [] 
 []


Overfull \hbox (12.72856pt too wide) in alignment at lines 3030--3122
 [] [] [] [] [] [] [] [] [] [] [] [] [] 
 []

[43] [44] [45] [46]
Overfull \hbox (3.70757pt too wide) in alignment at lines 3247--3254
 [] [] [] [] [] [] [] [] [] [] [] [] [] 
 []


Overfull \hbox (3.70757pt too wide) in alignment at lines 3254--3261
 [] [] [] [] [] [] [] [] [] [] [] [] [] 
 []


Overfull \hbox (3.70757pt too wide) in alignment at lines 3261--3263
 [] [] [] [] [] [] [] [] [] [] [] [] [] 
 []


Overfull \hbox (3.70757pt too wide) in alignment at lines 3263--3265
 [] [] [] [] [] [] [] [] [] [] [] [] [] 
 []


Overfull \hbox (3.70757pt too wide) in alignment at lines 3265--3357
 [] [] [] [] [] [] [] [] [] [] [] [] [] 
 []

[47]
Overfull \hbox (3.70757pt too wide) in alignment at lines 3362--3369
 [] [] [] [] [] [] [] [] [] [] [] [] [] 
 []


Overfull \hbox (3.70757pt too wide) in alignment at lines 3369--3376
 [] [] [] [] [] [] [] [] [] [] [] [] [] 
 []


Overfull \hbox (3.70757pt too wide) in alignment at lines 3376--3378
 [] [] [] [] [] [] [] [] [] [] [] [] [] 
 []


Overfull \hbox (3.70757pt too wide) in alignment at lines 3378--3380
 [] [] [] [] [] [] [] [] [] [] [] [] [] 
 []


Overfull \hbox (3.70757pt too wide) in alignment at lines 3380--3472
 [] [] [] [] [] [] [] [] [] [] [] [] [] 
 []

[48] [49] [50] [51]
Overfull \hbox (8.21806pt too wide) in alignment at lines 3597--3604
 [] [] [] [] [] [] [] [] [] [] [] [] [] 
 []


Overfull \hbox (8.21806pt too wide) in alignment at lines 3604--3611
 [] [] [] [] [] [] [] [] [] [] [] [] [] 
 []


Overfull \hbox (8.21806pt too wide) in alignment at lines 3611--3613
 [] [] [] [] [] [] [] [] [] [] [] [] [] 
 []


Overfull \hbox (8.21806pt too wide) in alignment at lines 3613--3615
 [] [] [] [] [] [] [] [] [] [] [] [] [] 
 []


Overfull \hbox (8.21806pt too wide) in alignment at lines 3615--3707
 [] [] [] [] [] [] [] [] [] [] [] [] [] 
 []

[52]
Overfull \hbox (3.70757pt too wide) in alignment at lines 3712--3719
 [] [] [] [] [] [] [] [] [] [] [] [] [] 
 []


Overfull \hbox (3.70757pt too wide) in alignment at lines 3719--3726
 [] [] [] [] [] [] [] [] [] [] [] [] [] 
 []


Overfull \hbox (3.70757pt too wide) in alignment at lines 3726--3728
 [] [] [] [] [] [] [] [] [] [] [] [] [] 
 []


Overfull \hbox (3.70757pt too wide) in alignment at lines 3728--3730
 [] [] [] [] [] [] [] [] [] [] [] [] [] 
 []


Overfull \hbox (3.70757pt too wide) in alignment at lines 3730--3822
 [] [] [] [] [] [] [] [] [] [] [] [] [] 
 []

[53] [54] [55] [56]
Overfull \hbox (8.21806pt too wide) in alignment at lines 3947--3954
 [] [] [] [] [] [] [] [] [] [] [] [] [] 
 []


Overfull \hbox (8.21806pt too wide) in alignment at lines 3954--3961
 [] [] [] [] [] [] [] [] [] [] [] [] [] 
 []


Overfull \hbox (8.21806pt too wide) in alignment at lines 3961--3963
 [] [] [] [] [] [] [] [] [] [] [] [] [] 
 []


Overfull \hbox (8.21806pt too wide) in alignment at lines 3963--3965
 [] [] [] [] [] [] [] [] [] [] [] [] [] 
 []


Overfull \hbox (8.21806pt too wide) in alignment at lines 3965--4057
 [] [] [] [] [] [] [] [] [] [] [] [] [] 
 []

[57]
Overfull \hbox (8.21806pt too wide) in alignment at lines 4062--4069
 [] [] [] [] [] [] [] [] [] [] [] [] [] 
 []


Overfull \hbox (8.21806pt too wide) in alignment at lines 4069--4076
 [] [] [] [] [] [] [] [] [] [] [] [] [] 
 []


Overfull \hbox (8.21806pt too wide) in alignment at lines 4076--4078
 [] [] [] [] [] [] [] [] [] [] [] [] [] 
 []


Overfull \hbox (8.21806pt too wide) in alignment at lines 4078--4080
 [] [] [] [] [] [] [] [] [] [] [] [] [] 
 []


Overfull \hbox (8.21806pt too wide) in alignment at lines 4080--4172
 [] [] [] [] [] [] [] [] [] [] [] [] [] 
 []

[58] [59] [60] [61] [62]
Overfull \hbox (3.70757pt too wide) in alignment at lines 4412--4419
 [] [] [] [] [] [] [] [] [] [] [] [] [] 
 []


Overfull \hbox (3.70757pt too wide) in alignment at lines 4419--4426
 [] [] [] [] [] [] [] [] [] [] [] [] [] 
 []


Overfull \hbox (3.70757pt too wide) in alignment at lines 4426--4428
 [] [] [] [] [] [] [] [] [] [] [] [] [] 
 []


Overfull \hbox (3.70757pt too wide) in alignment at lines 4428--4430
 [] [] [] [] [] [] [] [] [] [] [] [] [] 
 []


Overfull \hbox (3.70757pt too wide) in alignment at lines 4430--4522
 [] [] [] [] [] [] [] [] [] [] [] [] [] 
 []

[63] [64] [65] [66]
Overfull \hbox (3.70757pt too wide) in alignment at lines 4647--4654
 [] [] [] [] [] [] [] [] [] [] [] [] [] 
 []


Overfull \hbox (3.70757pt too wide) in alignment at lines 4654--4661
 [] [] [] [] [] [] [] [] [] [] [] [] [] 
 []


Overfull \hbox (3.70757pt too wide) in alignment at lines 4661--4663
 [] [] [] [] [] [] [] [] [] [] [] [] [] 
 []


Overfull \hbox (3.70757pt too wide) in alignment at lines 4663--4665
 [] [] [] [] [] [] [] [] [] [] [] [] [] 
 []


Overfull \hbox (3.70757pt too wide) in alignment at lines 4665--4757
 [] [] [] [] [] [] [] [] [] [] [] [] [] 
 []

[67] [68] [69] [70] [71] (All-Migration-Tables.aux)

LaTeX Warning: There were multiply-defined labels.

 ) 
Here is how much of TeX's memory you used:
 16094 strings out of 478593
 266136 string characters out of 2842717
 734057 words of memory out of 3000000
 33797 multiletter control sequences out of 15000+600000
 520340 words of font info for 95 fonts, out of 8000000 for 9000
 1141 hyphenation exceptions out of 8191
 74i,8n,80p,1019b,494s stack positions out of 5000i,500n,10000p,200000b,80000s
{C:/Users/JYOTISHKA/AppData/Local/Programs/MiKTeX/fonts/enc/dvips/libertine/l
btn_7grukw.enc}{C:/Users/JYOTISHKA/AppData/Local/Programs/MiKTeX/fonts/enc/dvip
s/libertine/lbtn_nh77jq.enc}{C:/Users/JYOTISHKA/AppData/Local/Programs/MiKTeX/f
onts/enc/dvips/libertine/lbtn_76gpa5.enc}<C:/Users/JYOTISHKA/AppData/Local/Prog
rams/MiKTeX/fonts/type1/public/libertine/LinLibertineT.pfb><C:/Users/JYOTISHKA/
AppData/Local/Programs/MiKTeX/fonts/type1/public/libertine/LinLibertineTB.pfb><
C:/Users/JYOTISHKA/AppData/Local/Programs/MiKTeX/fonts/type1/public/libertine/L
inLibertineTI.pfb>
Output written on All-Migration-Tables.pdf (71 pages, 513541 bytes).
PDF statistics:
 464 PDF objects out of 1000 (max. 8388607)
 142 named destinations out of 1000 (max. 500000)
 30833 words of extra memory for PDF output out of 35830 (max. 10000000)

